# JRE version: OpenJDK Runtime Environment (21.0.5) (build 21.0.5+-12932927-b750.29)
# Java VM: OpenJDK 64-Bit Server VM (21.0.5+-12932927-b750.29, mixed mode, tiered, compressed oops, compressed class ptrs, g1 gc, windows-amd64)
GC Precious Log:
 CardTable entry size: 512
 Card Set container configuration: InlinePtr #cards 5 size 8 Array Of Cards #cards 12 size 40 Howl #buckets 4 coarsen threshold 1843 Howl Bitmap #cards 512 size 80 coarsen threshold 460 Card regions per heap region 1 cards per card region 2048
 CPUs: 8 total, 8 available
 Memory: 7975M
 Large Page Support: Disabled
 NUMA Support: Disabled
 Compressed Oops: Enabled (32-bit)
 Heap Region Size: 1M
 Heap Min Capacity: 8M
 Heap Initial Capacity: 126M
 Heap Max Capacity: 2G
 Pre-touch: Disabled
 Parallel Workers: 8
 Concurrent Workers: 2
 Concurrent Refinement Workers: 8
 Periodic GC: Disabled
Heap:
 garbage-first heap   total 347136K, used 299520K [0x0000000080000000, 0x0000000100000000)
  region size 1024K, 5 young (5120K), 5 survivors (5120K)
 Metaspace       used 123991K, committed 126208K, reserved 1179648K
  class space    used 16974K, committed 18112K, reserved 1048576K
GC Heap History (20 events):
Event: 13.435 GC heap after
{Heap after GC invocations=40 (full 0):
 garbage-first heap   total 169984K, used 112804K [0x0000000080000000, 0x0000000100000000)
  region size 1024K, 5 young (5120K), 5 survivors (5120K)
 Metaspace       used 115760K, committed 118016K, reserved 1179648K
  class space    used 15625K, committed 16768K, reserved 1048576K
}
Event: 13.961 GC heap before
{Heap before GC invocations=41 (full 0):
 garbage-first heap   total 189440K, used 152740K [0x0000000080000000, 0x0000000100000000)
  region size 1024K, 45 young (46080K), 5 survivors (5120K)
 Metaspace       used 116296K, committed 118464K, reserved 1179648K
  class space    used 15724K, committed 16832K, reserved 1048576K
}
Event: 13.969 GC heap after
{Heap after GC invocations=42 (full 0):
 garbage-first heap   total 189440K, used 115276K [0x0000000080000000, 0x0000000100000000)
  region size 1024K, 4 young (4096K), 4 survivors (4096K)
 Metaspace       used 116296K, committed 118464K, reserved 1179648K
  class space    used 15724K, committed 16832K, reserved 1048576K
}
Event: 14.520 GC heap before
{Heap before GC invocations=42 (full 0):
 garbage-first heap   total 189440K, used 172620K [0x0000000080000000, 0x0000000100000000)
  region size 1024K, 61 young (62464K), 4 survivors (4096K)
 Metaspace       used 116646K, committed 118848K, reserved 1179648K
  class space    used 15766K, committed 16896K, reserved 1048576K
}
Event: 14.533 GC heap after
{Heap after GC invocations=43 (full 0):
 garbage-first heap   total 189440K, used 117046K [0x0000000080000000, 0x0000000100000000)
  region size 1024K, 8 young (8192K), 8 survivors (8192K)
 Metaspace       used 116646K, committed 118848K, reserved 1179648K
  class space    used 15766K, committed 16896K, reserved 1048576K
}
Event: 14.977 GC heap before
{Heap before GC invocations=43 (full 0):
 garbage-first heap   total 189440K, used 168246K [0x0000000080000000, 0x0000000100000000)
  region size 1024K, 59 young (60416K), 8 survivors (8192K)
 Metaspace       used 116830K, committed 119104K, reserved 1179648K
  class space    used 15783K, committed 16896K, reserved 1048576K
}
Event: 14.987 GC heap after
{Heap after GC invocations=44 (full 0):
 garbage-first heap   total 227328K, used 119582K [0x0000000080000000, 0x0000000100000000)
  region size 1024K, 5 young (5120K), 5 survivors (5120K)
 Metaspace       used 116830K, committed 119104K, reserved 1179648K
  class space    used 15783K, committed 16896K, reserved 1048576K
}
Event: 15.911 GC heap before
{Heap before GC invocations=45 (full 0):
 garbage-first heap   total 248832K, used 246558K [0x0000000080000000, 0x0000000100000000)
  region size 1024K, 74 young (75776K), 5 survivors (5120K)
 Metaspace       used 120866K, committed 123136K, reserved 1179648K
  class space    used 16370K, committed 17536K, reserved 1048576K
}
Event: 15.919 GC heap after
{Heap after GC invocations=46 (full 0):
 garbage-first heap   total 261120K, used 167691K [0x0000000080000000, 0x0000000100000000)
  region size 1024K, 12 young (12288K), 12 survivors (12288K)
 Metaspace       used 120866K, committed 123136K, reserved 1179648K
  class space    used 16370K, committed 17536K, reserved 1048576K
}
Event: 16.115 GC heap before
{Heap before GC invocations=46 (full 0):
 garbage-first heap   total 261120K, used 258827K [0x0000000080000000, 0x0000000100000000)
  region size 1024K, 56 young (57344K), 12 survivors (12288K)
 Metaspace       used 121194K, committed 123456K, reserved 1179648K
  class space    used 16413K, committed 17536K, reserved 1048576K
}
Event: 16.134 GC heap after
{Heap after GC invocations=47 (full 0):
 garbage-first heap   total 289792K, used 199546K [0x0000000080000000, 0x0000000100000000)
  region size 1024K, 10 young (10240K), 10 survivors (10240K)
 Metaspace       used 121194K, committed 123456K, reserved 1179648K
  class space    used 16413K, committed 17536K, reserved 1048576K
}
Event: 16.171 GC heap before
{Heap before GC invocations=47 (full 0):
 garbage-first heap   total 289792K, used 206714K [0x0000000080000000, 0x0000000100000000)
  region size 1024K, 19 young (19456K), 10 survivors (10240K)
 Metaspace       used 121194K, committed 123456K, reserved 1179648K
  class space    used 16413K, committed 17536K, reserved 1048576K
}
Event: 16.180 GC heap after
{Heap after GC invocations=48 (full 0):
 garbage-first heap   total 289792K, used 204781K [0x0000000080000000, 0x0000000100000000)
  region size 1024K, 5 young (5120K), 5 survivors (5120K)
 Metaspace       used 121194K, committed 123456K, reserved 1179648K
  class space    used 16413K, committed 17536K, reserved 1048576K
}
Event: 16.518 GC heap before
{Heap before GC invocations=49 (full 0):
 garbage-first heap   total 347136K, used 258029K [0x0000000080000000, 0x0000000100000000)
  region size 1024K, 54 young (55296K), 5 survivors (5120K)
 Metaspace       used 121212K, committed 123456K, reserved 1179648K
  class space    used 16414K, committed 17536K, reserved 1048576K
}
Event: 16.572 GC heap after
{Heap after GC invocations=50 (full 0):
 garbage-first heap   total 347136K, used 227055K [0x0000000080000000, 0x0000000100000000)
  region size 1024K, 7 young (7168K), 7 survivors (7168K)
 Metaspace       used 121212K, committed 123456K, reserved 1179648K
  class space    used 16414K, committed 17536K, reserved 1048576K
}
Event: 17.051 GC heap before
{Heap before GC invocations=50 (full 0):
 garbage-first heap   total 347136K, used 296687K [0x0000000080000000, 0x0000000100000000)
  region size 1024K, 74 young (75776K), 7 survivors (7168K)
 Metaspace       used 123930K, committed 126144K, reserved 1179648K
  class space    used 16972K, committed 18112K, reserved 1048576K
}
Event: 17.088 GC heap after
{Heap after GC invocations=51 (full 0):
 garbage-first heap   total 347136K, used 255791K [0x0000000080000000, 0x0000000100000000)
  region size 1024K, 10 young (10240K), 10 survivors (10240K)
 Metaspace       used 123930K, committed 126144K, reserved 1179648K
  class space    used 16972K, committed 18112K, reserved 1048576K
}
Event: 17.218 GC heap before
{Heap before GC invocations=51 (full 0):
 garbage-first heap   total 347136K, used 303919K [0x0000000080000000, 0x0000000100000000)
  region size 1024K, 57 young (58368K), 10 survivors (10240K)
 Metaspace       used 123948K, committed 126144K, reserved 1179648K
  class space    used 16973K, committed 18112K, reserved 1048576K
}
Event: 17.251 GC heap after
{Heap after GC invocations=52 (full 0):
 garbage-first heap   total 347136K, used 282112K [0x0000000080000000, 0x0000000100000000)
  region size 1024K, 8 young (8192K), 8 survivors (8192K)
 Metaspace       used 123948K, committed 126144K, reserved 1179648K
  class space    used 16973K, committed 18112K, reserved 1048576K
}
Event: 17.358 GC heap before
{Heap before GC invocations=52 (full 0):
 garbage-first heap   total 347136K, used 311808K [0x0000000080000000, 0x0000000100000000)
  region size 1024K, 38 young (38912K), 8 survivors (8192K)
 Metaspace       used 123991K, committed 126208K, reserved 1179648K
  class space    used 16974K, committed 18112K, reserved 1048576K
}

